<?xml version="1.0" encoding="UTF-8"?>
<testsuite xmlns:xsi="http://www.w3.org/2001/XMLSchema-instance" xsi:noNamespaceSchemaLocation="https://maven.apache.org/surefire/maven-surefire-plugin/xsd/surefire-test-report.xsd" name="com.alan.cloud.AppTest" time="0.089" tests="1" errors="0" skipped="0" failures="0">
  <properties>
    <property name="sun.desktop" value="windows"/>
    <property name="awt.toolkit" value="sun.awt.windows.WToolkit"/>
    <property name="file.encoding.pkg" value="sun.io"/>
    <property name="java.specification.version" value="1.8"/>
    <property name="sun.cpu.isalist" value="amd64"/>
    <property name="sun.jnu.encoding" value="GBK"/>
    <property name="java.class.path" value="D:\IDEAJAVA\microservicesimpleprovideruser\target\test-classes;D:\IDEAJAVA\microservicesimpleprovideruser\target\classes;F:\Maven\repository\org\springframework\boot\spring-boot-starter-web\1.5.9.RELEASE\spring-boot-starter-web-1.5.9.RELEASE.jar;F:\Maven\repository\org\springframework\boot\spring-boot-starter\1.5.9.RELEASE\spring-boot-starter-1.5.9.RELEASE.jar;F:\Maven\repository\org\springframework\boot\spring-boot\1.5.9.RELEASE\spring-boot-1.5.9.RELEASE.jar;F:\Maven\repository\org\springframework\boot\spring-boot-autoconfigure\1.5.9.RELEASE\spring-boot-autoconfigure-1.5.9.RELEASE.jar;F:\Maven\repository\org\springframework\boot\spring-boot-starter-logging\1.5.9.RELEASE\spring-boot-starter-logging-1.5.9.RELEASE.jar;F:\Maven\repository\ch\qos\logback\logback-classic\1.1.11\logback-classic-1.1.11.jar;F:\Maven\repository\ch\qos\logback\logback-core\1.1.11\logback-core-1.1.11.jar;F:\Maven\repository\org\slf4j\jul-to-slf4j\1.7.25\jul-to-slf4j-1.7.25.jar;F:\Maven\repository\org\slf4j\log4j-over-slf4j\1.7.25\log4j-over-slf4j-1.7.25.jar;F:\Maven\repository\org\springframework\spring-core\4.3.13.RELEASE\spring-core-4.3.13.RELEASE.jar;F:\Maven\repository\org\yaml\snakeyaml\1.17\snakeyaml-1.17.jar;F:\Maven\repository\org\springframework\boot\spring-boot-starter-tomcat\1.5.9.RELEASE\spring-boot-starter-tomcat-1.5.9.RELEASE.jar;F:\Maven\repository\org\apache\tomcat\embed\tomcat-embed-core\8.5.23\tomcat-embed-core-8.5.23.jar;F:\Maven\repository\org\apache\tomcat\tomcat-annotations-api\8.5.23\tomcat-annotations-api-8.5.23.jar;F:\Maven\repository\org\apache\tomcat\embed\tomcat-embed-el\8.5.23\tomcat-embed-el-8.5.23.jar;F:\Maven\repository\org\apache\tomcat\embed\tomcat-embed-websocket\8.5.23\tomcat-embed-websocket-8.5.23.jar;F:\Maven\repository\org\hibernate\hibernate-validator\5.3.6.Final\hibernate-validator-5.3.6.Final.jar;F:\Maven\repository\javax\validation\validation-api\1.1.0.Final\validation-api-1.1.0.Final.jar;F:\Maven\repository\org\jboss\logging\jboss-logging\3.3.1.Final\jboss-logging-3.3.1.Final.jar;F:\Maven\repository\com\fasterxml\classmate\1.3.4\classmate-1.3.4.jar;F:\Maven\repository\com\fasterxml\jackson\core\jackson-databind\2.8.10\jackson-databind-2.8.10.jar;F:\Maven\repository\com\fasterxml\jackson\core\jackson-annotations\2.8.0\jackson-annotations-2.8.0.jar;F:\Maven\repository\com\fasterxml\jackson\core\jackson-core\2.8.10\jackson-core-2.8.10.jar;F:\Maven\repository\org\springframework\spring-web\4.3.13.RELEASE\spring-web-4.3.13.RELEASE.jar;F:\Maven\repository\org\springframework\spring-aop\4.3.13.RELEASE\spring-aop-4.3.13.RELEASE.jar;F:\Maven\repository\org\springframework\spring-beans\4.3.13.RELEASE\spring-beans-4.3.13.RELEASE.jar;F:\Maven\repository\org\springframework\spring-context\4.3.13.RELEASE\spring-context-4.3.13.RELEASE.jar;F:\Maven\repository\org\springframework\spring-webmvc\4.3.13.RELEASE\spring-webmvc-4.3.13.RELEASE.jar;F:\Maven\repository\org\springframework\spring-expression\4.3.13.RELEASE\spring-expression-4.3.13.RELEASE.jar;F:\Maven\repository\org\springframework\boot\spring-boot-starter-data-jpa\1.5.9.RELEASE\spring-boot-starter-data-jpa-1.5.9.RELEASE.jar;F:\Maven\repository\org\springframework\boot\spring-boot-starter-aop\1.5.9.RELEASE\spring-boot-starter-aop-1.5.9.RELEASE.jar;F:\Maven\repository\org\aspectj\aspectjweaver\1.8.13\aspectjweaver-1.8.13.jar;F:\Maven\repository\org\springframework\boot\spring-boot-starter-jdbc\1.5.9.RELEASE\spring-boot-starter-jdbc-1.5.9.RELEASE.jar;F:\Maven\repository\org\apache\tomcat\tomcat-jdbc\8.5.23\tomcat-jdbc-8.5.23.jar;F:\Maven\repository\org\apache\tomcat\tomcat-juli\8.5.23\tomcat-juli-8.5.23.jar;F:\Maven\repository\org\springframework\spring-jdbc\4.3.13.RELEASE\spring-jdbc-4.3.13.RELEASE.jar;F:\Maven\repository\org\hibernate\hibernate-core\5.0.12.Final\hibernate-core-5.0.12.Final.jar;F:\Maven\repository\org\hibernate\javax\persistence\hibernate-jpa-2.1-api\1.0.0.Final\hibernate-jpa-2.1-api-1.0.0.Final.jar;F:\Maven\repository\org\javassist\javassist\3.21.0-GA\javassist-3.21.0-GA.jar;F:\Maven\repository\antlr\antlr\2.7.7\antlr-2.7.7.jar;F:\Maven\repository\org\jboss\jandex\2.0.0.Final\jandex-2.0.0.Final.jar;F:\Maven\repository\dom4j\dom4j\1.6.1\dom4j-1.6.1.jar;F:\Maven\repository\org\hibernate\common\hibernate-commons-annotations\5.0.1.Final\hibernate-commons-annotations-5.0.1.Final.jar;F:\Maven\repository\org\hibernate\hibernate-entitymanager\5.0.12.Final\hibernate-entitymanager-5.0.12.Final.jar;F:\Maven\repository\javax\transaction\javax.transaction-api\1.2\javax.transaction-api-1.2.jar;F:\Maven\repository\org\springframework\data\spring-data-jpa\1.11.9.RELEASE\spring-data-jpa-1.11.9.RELEASE.jar;F:\Maven\repository\org\springframework\data\spring-data-commons\1.13.9.RELEASE\spring-data-commons-1.13.9.RELEASE.jar;F:\Maven\repository\org\springframework\spring-orm\4.3.13.RELEASE\spring-orm-4.3.13.RELEASE.jar;F:\Maven\repository\org\springframework\spring-tx\4.3.13.RELEASE\spring-tx-4.3.13.RELEASE.jar;F:\Maven\repository\org\slf4j\slf4j-api\1.7.25\slf4j-api-1.7.25.jar;F:\Maven\repository\org\slf4j\jcl-over-slf4j\1.7.25\jcl-over-slf4j-1.7.25.jar;F:\Maven\repository\org\springframework\spring-aspects\4.3.13.RELEASE\spring-aspects-4.3.13.RELEASE.jar;F:\Maven\repository\junit\junit\4.11\junit-4.11.jar;F:\Maven\repository\org\hamcrest\hamcrest-core\1.3\hamcrest-core-1.3.jar;"/>
    <property name="java.vm.vendor" value="Oracle Corporation"/>
    <property name="sun.arch.data.model" value="64"/>
    <property name="user.variant" value=""/>
    <property name="java.vendor.url" value="http://java.oracle.com/"/>
    <property name="user.timezone" value="Asia/Shanghai"/>
    <property name="java.vm.specification.version" value="1.8"/>
    <property name="os.name" value="Windows 10"/>
    <property name="user.country" value="CN"/>
    <property name="sun.java.launcher" value="SUN_STANDARD"/>
    <property name="sun.boot.library.path" value="F:\JAVA\JDK\jre\bin"/>
    <property name="sun.java.command" value="C:\Users\46512\AppData\Local\Temp\surefire7786875157560964427\surefirebooter566452899732750813.jar C:\Users\46512\AppData\Local\Temp\surefire7786875157560964427 2018-12-23T12-33-12_221-jvmRun1 surefire8372942548540183212tmp surefire_06766594312933774293tmp"/>
    <property name="surefire.test.class.path" value="D:\IDEAJAVA\microservicesimpleprovideruser\target\test-classes;D:\IDEAJAVA\microservicesimpleprovideruser\target\classes;F:\Maven\repository\org\springframework\boot\spring-boot-starter-web\1.5.9.RELEASE\spring-boot-starter-web-1.5.9.RELEASE.jar;F:\Maven\repository\org\springframework\boot\spring-boot-starter\1.5.9.RELEASE\spring-boot-starter-1.5.9.RELEASE.jar;F:\Maven\repository\org\springframework\boot\spring-boot\1.5.9.RELEASE\spring-boot-1.5.9.RELEASE.jar;F:\Maven\repository\org\springframework\boot\spring-boot-autoconfigure\1.5.9.RELEASE\spring-boot-autoconfigure-1.5.9.RELEASE.jar;F:\Maven\repository\org\springframework\boot\spring-boot-starter-logging\1.5.9.RELEASE\spring-boot-starter-logging-1.5.9.RELEASE.jar;F:\Maven\repository\ch\qos\logback\logback-classic\1.1.11\logback-classic-1.1.11.jar;F:\Maven\repository\ch\qos\logback\logback-core\1.1.11\logback-core-1.1.11.jar;F:\Maven\repository\org\slf4j\jul-to-slf4j\1.7.25\jul-to-slf4j-1.7.25.jar;F:\Maven\repository\org\slf4j\log4j-over-slf4j\1.7.25\log4j-over-slf4j-1.7.25.jar;F:\Maven\repository\org\springframework\spring-core\4.3.13.RELEASE\spring-core-4.3.13.RELEASE.jar;F:\Maven\repository\org\yaml\snakeyaml\1.17\snakeyaml-1.17.jar;F:\Maven\repository\org\springframework\boot\spring-boot-starter-tomcat\1.5.9.RELEASE\spring-boot-starter-tomcat-1.5.9.RELEASE.jar;F:\Maven\repository\org\apache\tomcat\embed\tomcat-embed-core\8.5.23\tomcat-embed-core-8.5.23.jar;F:\Maven\repository\org\apache\tomcat\tomcat-annotations-api\8.5.23\tomcat-annotations-api-8.5.23.jar;F:\Maven\repository\org\apache\tomcat\embed\tomcat-embed-el\8.5.23\tomcat-embed-el-8.5.23.jar;F:\Maven\repository\org\apache\tomcat\embed\tomcat-embed-websocket\8.5.23\tomcat-embed-websocket-8.5.23.jar;F:\Maven\repository\org\hibernate\hibernate-validator\5.3.6.Final\hibernate-validator-5.3.6.Final.jar;F:\Maven\repository\javax\validation\validation-api\1.1.0.Final\validation-api-1.1.0.Final.jar;F:\Maven\repository\org\jboss\logging\jboss-logging\3.3.1.Final\jboss-logging-3.3.1.Final.jar;F:\Maven\repository\com\fasterxml\classmate\1.3.4\classmate-1.3.4.jar;F:\Maven\repository\com\fasterxml\jackson\core\jackson-databind\2.8.10\jackson-databind-2.8.10.jar;F:\Maven\repository\com\fasterxml\jackson\core\jackson-annotations\2.8.0\jackson-annotations-2.8.0.jar;F:\Maven\repository\com\fasterxml\jackson\core\jackson-core\2.8.10\jackson-core-2.8.10.jar;F:\Maven\repository\org\springframework\spring-web\4.3.13.RELEASE\spring-web-4.3.13.RELEASE.jar;F:\Maven\repository\org\springframework\spring-aop\4.3.13.RELEASE\spring-aop-4.3.13.RELEASE.jar;F:\Maven\repository\org\springframework\spring-beans\4.3.13.RELEASE\spring-beans-4.3.13.RELEASE.jar;F:\Maven\repository\org\springframework\spring-context\4.3.13.RELEASE\spring-context-4.3.13.RELEASE.jar;F:\Maven\repository\org\springframework\spring-webmvc\4.3.13.RELEASE\spring-webmvc-4.3.13.RELEASE.jar;F:\Maven\repository\org\springframework\spring-expression\4.3.13.RELEASE\spring-expression-4.3.13.RELEASE.jar;F:\Maven\repository\org\springframework\boot\spring-boot-starter-data-jpa\1.5.9.RELEASE\spring-boot-starter-data-jpa-1.5.9.RELEASE.jar;F:\Maven\repository\org\springframework\boot\spring-boot-starter-aop\1.5.9.RELEASE\spring-boot-starter-aop-1.5.9.RELEASE.jar;F:\Maven\repository\org\aspectj\aspectjweaver\1.8.13\aspectjweaver-1.8.13.jar;F:\Maven\repository\org\springframework\boot\spring-boot-starter-jdbc\1.5.9.RELEASE\spring-boot-starter-jdbc-1.5.9.RELEASE.jar;F:\Maven\repository\org\apache\tomcat\tomcat-jdbc\8.5.23\tomcat-jdbc-8.5.23.jar;F:\Maven\repository\org\apache\tomcat\tomcat-juli\8.5.23\tomcat-juli-8.5.23.jar;F:\Maven\repository\org\springframework\spring-jdbc\4.3.13.RELEASE\spring-jdbc-4.3.13.RELEASE.jar;F:\Maven\repository\org\hibernate\hibernate-core\5.0.12.Final\hibernate-core-5.0.12.Final.jar;F:\Maven\repository\org\hibernate\javax\persistence\hibernate-jpa-2.1-api\1.0.0.Final\hibernate-jpa-2.1-api-1.0.0.Final.jar;F:\Maven\repository\org\javassist\javassist\3.21.0-GA\javassist-3.21.0-GA.jar;F:\Maven\repository\antlr\antlr\2.7.7\antlr-2.7.7.jar;F:\Maven\repository\org\jboss\jandex\2.0.0.Final\jandex-2.0.0.Final.jar;F:\Maven\repository\dom4j\dom4j\1.6.1\dom4j-1.6.1.jar;F:\Maven\repository\org\hibernate\common\hibernate-commons-annotations\5.0.1.Final\hibernate-commons-annotations-5.0.1.Final.jar;F:\Maven\repository\org\hibernate\hibernate-entitymanager\5.0.12.Final\hibernate-entitymanager-5.0.12.Final.jar;F:\Maven\repository\javax\transaction\javax.transaction-api\1.2\javax.transaction-api-1.2.jar;F:\Maven\repository\org\springframework\data\spring-data-jpa\1.11.9.RELEASE\spring-data-jpa-1.11.9.RELEASE.jar;F:\Maven\repository\org\springframework\data\spring-data-commons\1.13.9.RELEASE\spring-data-commons-1.13.9.RELEASE.jar;F:\Maven\repository\org\springframework\spring-orm\4.3.13.RELEASE\spring-orm-4.3.13.RELEASE.jar;F:\Maven\repository\org\springframework\spring-tx\4.3.13.RELEASE\spring-tx-4.3.13.RELEASE.jar;F:\Maven\repository\org\slf4j\slf4j-api\1.7.25\slf4j-api-1.7.25.jar;F:\Maven\repository\org\slf4j\jcl-over-slf4j\1.7.25\jcl-over-slf4j-1.7.25.jar;F:\Maven\repository\org\springframework\spring-aspects\4.3.13.RELEASE\spring-aspects-4.3.13.RELEASE.jar;F:\Maven\repository\junit\junit\4.11\junit-4.11.jar;F:\Maven\repository\org\hamcrest\hamcrest-core\1.3\hamcrest-core-1.3.jar;"/>
    <property name="sun.cpu.endian" value="little"/>
    <property name="user.home" value="C:\Users\46512"/>
    <property name="user.language" value="zh"/>
    <property name="java.specification.vendor" value="Oracle Corporation"/>
    <property name="java.home" value="F:\JAVA\JDK\jre"/>
    <property name="basedir" value="D:\IDEAJAVA\microservicesimpleprovideruser"/>
    <property name="file.separator" value="\"/>
    <property name="line.separator" value="&#10;"/>
    <property name="java.vm.specification.vendor" value="Oracle Corporation"/>
    <property name="java.specification.name" value="Java Platform API Specification"/>
    <property name="java.awt.graphicsenv" value="sun.awt.Win32GraphicsEnvironment"/>
    <property name="surefire.real.class.path" value="C:\Users\46512\AppData\Local\Temp\surefire7786875157560964427\surefirebooter566452899732750813.jar"/>
    <property name="sun.boot.class.path" value="F:\JAVA\JDK\jre\lib\resources.jar;F:\JAVA\JDK\jre\lib\rt.jar;F:\JAVA\JDK\jre\lib\sunrsasign.jar;F:\JAVA\JDK\jre\lib\jsse.jar;F:\JAVA\JDK\jre\lib\jce.jar;F:\JAVA\JDK\jre\lib\charsets.jar;F:\JAVA\JDK\jre\lib\jfr.jar;F:\JAVA\JDK\jre\classes"/>
    <property name="user.script" value=""/>
    <property name="sun.management.compiler" value="HotSpot 64-Bit Tiered Compilers"/>
    <property name="java.runtime.version" value="1.8.0_131-b11"/>
    <property name="user.name" value="46512"/>
    <property name="path.separator" value=";"/>
    <property name="os.version" value="10.0"/>
    <property name="java.endorsed.dirs" value="F:\JAVA\JDK\jre\lib\endorsed"/>
    <property name="java.runtime.name" value="Java(TM) SE Runtime Environment"/>
    <property name="file.encoding" value="GBK"/>
    <property name="java.vm.name" value="Java HotSpot(TM) 64-Bit Server VM"/>
    <property name="localRepository" value="F:\Maven\repository"/>
    <property name="java.vendor.url.bug" value="http://bugreport.sun.com/bugreport/"/>
    <property name="java.io.tmpdir" value="C:\Users\46512\AppData\Local\Temp\"/>
    <property name="idea.version" value="2017.3.1"/>
    <property name="java.version" value="1.8.0_131"/>
    <property name="user.dir" value="D:\IDEAJAVA\microservicesimpleprovideruser"/>
    <property name="os.arch" value="amd64"/>
    <property name="java.vm.specification.name" value="Java Virtual Machine Specification"/>
    <property name="java.awt.printerjob" value="sun.awt.windows.WPrinterJob"/>
    <property name="sun.os.patch.level" value=""/>
    <property name="java.library.path" value="F:\JAVA\JDK\jre\bin;C:\WINDOWS\Sun\Java\bin;C:\WINDOWS\system32;C:\WINDOWS;F:\Python\Scripts\;F:\Python\;F:\Oracle\OracleData\app\oracle\product\11.2.0\server\bin;C:\ProgramData\Oracle\Java\javapath;C:\WINDOWS\system32;C:\WINDOWS;C:\WINDOWS\System32\Wbem;C:\WINDOWS\System32\WindowsPowerShell\v1.0\;F:\JAVA\JDK\bin;F:\AndroidStudio\android-sdk_r24.4.1-windows\android-sdk-windows\platform-tools;F:\AndroidStudio\android-sdk_r24.4.1-windows\android-sdk-windows\tools;F:\Maven\apache-maven-3.5.2\bin;C:\Program Files\MySQL\MySQL Utilities 1.6\;F:\GIT\Git\cmd;C:\WINDOWS\System32\OpenSSH\;C:\Users\46512\AppData\Local\Microsoft\WindowsApps;;."/>
    <property name="java.vm.info" value="mixed mode"/>
    <property name="java.vendor" value="Oracle Corporation"/>
    <property name="java.vm.version" value="25.131-b11"/>
    <property name="java.ext.dirs" value="F:\JAVA\JDK\jre\lib\ext;C:\WINDOWS\Sun\Java\lib\ext"/>
    <property name="sun.io.unicode.encoding" value="UnicodeLittle"/>
    <property name="java.class.version" value="52.0"/>
  </properties>
  <testcase name="shouldAnswerWithTrue" classname="com.alan.cloud.AppTest" time="0.002"/>
</testsuite>